INFO 2025-05-23 23:15:09,615 autoreload Watching for file changes with StatReloader
INFO 2025-05-23 23:17:31,624 autoreload D:\booking_project\Backend\events\views.py changed, reloading.
INFO 2025-05-23 23:17:33,840 autoreload Watching for file changes with StatReloader
ERROR 2025-05-23 23:18:12,683 log Internal Server Error: /admin/auth/group/add/
Traceback (most recent call last):
  File "C:\Users\AIA\AppData\Local\Programs\Python\Python313\Lib\site-packages\django\db\backends\utils.py", line 105, in _execute
    return self.cursor.execute(sql, params)
           ~~~~~~~~~~~~~~~~~~~^^^^^^^^^^^^^
psycopg2.errors.UndefinedColumn: column users_customuser.is_organizer does not exist
LINE 1: ...ser"."email", "users_customuser"."mobile_number", "users_cus...
                                                             ^


The above exception was the direct cause of the following exception:

Traceback (most recent call last):
  File "C:\Users\AIA\AppData\Local\Programs\Python\Python313\Lib\site-packages\django\core\handlers\exception.py", line 55, in inner
    response = get_response(request)
  File "C:\Users\AIA\AppData\Local\Programs\Python\Python313\Lib\site-packages\django\core\handlers\base.py", line 197, in _get_response
    response = wrapped_callback(request, *callback_args, **callback_kwargs)
  File "C:\Users\AIA\AppData\Local\Programs\Python\Python313\Lib\site-packages\django\contrib\admin\options.py", line 719, in wrapper
    return self.admin_site.admin_view(view)(*args, **kwargs)
           ~~~~~~~~~~~~~~~~~~~~~~~~~~~~~~~~^^^^^^^^^^^^^^^^^
  File "C:\Users\AIA\AppData\Local\Programs\Python\Python313\Lib\site-packages\django\utils\decorators.py", line 192, in _view_wrapper
    result = _process_exception(request, e)
  File "C:\Users\AIA\AppData\Local\Programs\Python\Python313\Lib\site-packages\django\utils\decorators.py", line 190, in _view_wrapper
    response = view_func(request, *args, **kwargs)
  File "C:\Users\AIA\AppData\Local\Programs\Python\Python313\Lib\site-packages\django\views\decorators\cache.py", line 80, in _view_wrapper
    response = view_func(request, *args, **kwargs)
  File "C:\Users\AIA\AppData\Local\Programs\Python\Python313\Lib\site-packages\django\contrib\admin\sites.py", line 234, in inner
    if not self.has_permission(request):
           ~~~~~~~~~~~~~~~~~~~^^^^^^^^^
  File "C:\Users\AIA\AppData\Local\Programs\Python\Python313\Lib\site-packages\django\contrib\admin\sites.py", line 207, in has_permission
    return request.user.is_active and request.user.is_staff
           ^^^^^^^^^^^^^^^^^^^^^^
  File "C:\Users\AIA\AppData\Local\Programs\Python\Python313\Lib\site-packages\django\utils\functional.py", line 251, in inner
    self._setup()
    ~~~~~~~~~~~^^
  File "C:\Users\AIA\AppData\Local\Programs\Python\Python313\Lib\site-packages\django\utils\functional.py", line 404, in _setup
    self._wrapped = self._setupfunc()
                    ~~~~~~~~~~~~~~~^^
  File "C:\Users\AIA\AppData\Local\Programs\Python\Python313\Lib\site-packages\django\contrib\auth\middleware.py", line 39, in <lambda>
    request.user = SimpleLazyObject(lambda: get_user(request))
                                            ~~~~~~~~^^^^^^^^^
  File "C:\Users\AIA\AppData\Local\Programs\Python\Python313\Lib\site-packages\django\contrib\auth\middleware.py", line 19, in get_user
    request._cached_user = auth.get_user(request)
                           ~~~~~~~~~~~~~^^^^^^^^^
  File "C:\Users\AIA\AppData\Local\Programs\Python\Python313\Lib\site-packages\django\contrib\auth\__init__.py", line 311, in get_user
    user = backend.get_user(user_id)
  File "C:\Users\AIA\AppData\Local\Programs\Python\Python313\Lib\site-packages\django\contrib\auth\backends.py", line 232, in get_user
    user = UserModel._default_manager.get(pk=user_id)
  File "C:\Users\AIA\AppData\Local\Programs\Python\Python313\Lib\site-packages\django\db\models\manager.py", line 87, in manager_method
    return getattr(self.get_queryset(), name)(*args, **kwargs)
           ~~~~~~~~~~~~~~~~~~~~~~~~~~~~~~~~~~^^^^^^^^^^^^^^^^^
  File "C:\Users\AIA\AppData\Local\Programs\Python\Python313\Lib\site-packages\django\db\models\query.py", line 629, in get
    num = len(clone)
  File "C:\Users\AIA\AppData\Local\Programs\Python\Python313\Lib\site-packages\django\db\models\query.py", line 366, in __len__
    self._fetch_all()
    ~~~~~~~~~~~~~~~^^
  File "C:\Users\AIA\AppData\Local\Programs\Python\Python313\Lib\site-packages\django\db\models\query.py", line 1945, in _fetch_all
    self._result_cache = list(self._iterable_class(self))
                         ~~~~^^^^^^^^^^^^^^^^^^^^^^^^^^^^
  File "C:\Users\AIA\AppData\Local\Programs\Python\Python313\Lib\site-packages\django\db\models\query.py", line 91, in __iter__
    results = compiler.execute_sql(
        chunked_fetch=self.chunked_fetch, chunk_size=self.chunk_size
    )
  File "C:\Users\AIA\AppData\Local\Programs\Python\Python313\Lib\site-packages\django\db\models\sql\compiler.py", line 1623, in execute_sql
    cursor.execute(sql, params)
    ~~~~~~~~~~~~~~^^^^^^^^^^^^^
  File "C:\Users\AIA\AppData\Local\Programs\Python\Python313\Lib\site-packages\django\db\backends\utils.py", line 122, in execute
    return super().execute(sql, params)
           ~~~~~~~~~~~~~~~^^^^^^^^^^^^^
  File "C:\Users\AIA\AppData\Local\Programs\Python\Python313\Lib\site-packages\django\db\backends\utils.py", line 79, in execute
    return self._execute_with_wrappers(
           ~~~~~~~~~~~~~~~~~~~~~~~~~~~^
        sql, params, many=False, executor=self._execute
        ^^^^^^^^^^^^^^^^^^^^^^^^^^^^^^^^^^^^^^^^^^^^^^^
    )
    ^
  File "C:\Users\AIA\AppData\Local\Programs\Python\Python313\Lib\site-packages\django\db\backends\utils.py", line 92, in _execute_with_wrappers
    return executor(sql, params, many, context)
  File "C:\Users\AIA\AppData\Local\Programs\Python\Python313\Lib\site-packages\django\db\backends\utils.py", line 100, in _execute
    with self.db.wrap_database_errors:
         ^^^^^^^^^^^^^^^^^^^^^^^^^^^^
  File "C:\Users\AIA\AppData\Local\Programs\Python\Python313\Lib\site-packages\django\db\utils.py", line 91, in __exit__
    raise dj_exc_value.with_traceback(traceback) from exc_value
  File "C:\Users\AIA\AppData\Local\Programs\Python\Python313\Lib\site-packages\django\db\backends\utils.py", line 105, in _execute
    return self.cursor.execute(sql, params)
           ~~~~~~~~~~~~~~~~~~~^^^^^^^^^^^^^
django.db.utils.ProgrammingError: column users_customuser.is_organizer does not exist
LINE 1: ...ser"."email", "users_customuser"."mobile_number", "users_cus...
                                                             ^

ERROR 2025-05-23 23:18:12,755 basehttp "GET /admin/auth/group/add/ HTTP/1.1" 500 189199
INFO 2025-05-24 11:20:53,452 autoreload Watching for file changes with StatReloader
INFO 2025-05-24 11:24:04,059 autoreload Watching for file changes with StatReloader
INFO 2025-05-24 11:24:29,622 basehttp "POST /api/events/create/ HTTP/1.1" 201 41
INFO 2025-05-24 11:26:03,537 basehttp "OPTIONS /api/profile/ HTTP/1.1" 200 0
INFO 2025-05-24 11:26:03,538 basehttp "OPTIONS /api/profile/ HTTP/1.1" 200 0
WARNING 2025-05-24 11:26:03,550 log Unauthorized: /api/profile/
WARNING 2025-05-24 11:26:03,561 basehttp "GET /api/profile/ HTTP/1.1" 401 172
WARNING 2025-05-24 11:26:03,585 log Unauthorized: /api/profile/
WARNING 2025-05-24 11:26:03,618 basehttp "GET /api/profile/ HTTP/1.1" 401 172
INFO 2025-05-24 11:26:08,852 basehttp "OPTIONS /api/admin/login/ HTTP/1.1" 200 0
WARNING 2025-05-24 11:26:09,224 log Not Found: /api/admin/login/
WARNING 2025-05-24 11:26:09,226 basehttp "POST /api/admin/login/ HTTP/1.1" 404 5548
WARNING 2025-05-24 11:26:23,902 log Not Found: /api/admin/login/
WARNING 2025-05-24 11:26:23,905 basehttp "POST /api/admin/login/ HTTP/1.1" 404 5548
INFO 2025-05-24 11:26:31,139 basehttp "OPTIONS /api/login/ HTTP/1.1" 200 0
INFO 2025-05-24 11:26:35,617 basehttp "POST /api/login/ HTTP/1.1" 200 607
INFO 2025-05-24 11:26:40,505 basehttp "GET /api/profile/ HTTP/1.1" 200 92
INFO 2025-05-24 11:26:40,666 basehttp "GET /api/profile/ HTTP/1.1" 200 92
INFO 2025-05-24 11:43:02,332 basehttp "OPTIONS /api/events/ HTTP/1.1" 200 0
WARNING 2025-05-24 11:43:02,351 log Not Found: /api/events/
WARNING 2025-05-24 11:43:02,357 basehttp "GET /api/events/ HTTP/1.1" 404 5650
WARNING 2025-05-24 11:43:59,231 log Not Found: /api/events/
WARNING 2025-05-24 11:43:59,232 basehttp "GET /api/events/ HTTP/1.1" 404 5650
WARNING 2025-05-24 11:43:59,268 log Not Found: /api/events/
WARNING 2025-05-24 11:43:59,286 basehttp "GET /api/events/ HTTP/1.1" 404 5650
WARNING 2025-05-24 11:47:47,153 log Not Found: /api/events/
WARNING 2025-05-24 11:47:47,155 basehttp "GET /api/events/ HTTP/1.1" 404 5650
WARNING 2025-05-24 11:47:47,172 log Not Found: /api/events/
WARNING 2025-05-24 11:47:47,175 basehttp "GET /api/events/ HTTP/1.1" 404 5650
INFO 2025-05-24 11:55:51,325 autoreload D:\booking_project\Backend\events\views.py changed, reloading.
INFO 2025-05-24 11:55:53,782 autoreload Watching for file changes with StatReloader
INFO 2025-05-24 11:55:58,515 autoreload D:\booking_project\Backend\events\views.py changed, reloading.
INFO 2025-05-24 11:56:00,355 autoreload Watching for file changes with StatReloader
INFO 2025-05-24 11:56:06,387 autoreload D:\booking_project\Backend\events\views.py changed, reloading.
INFO 2025-05-24 11:56:08,161 autoreload Watching for file changes with StatReloader
INFO 2025-05-24 11:56:16,178 autoreload D:\booking_project\Backend\events\views.py changed, reloading.
INFO 2025-05-24 11:56:18,730 autoreload Watching for file changes with StatReloader
INFO 2025-05-24 11:57:05,924 autoreload D:\booking_project\Backend\events\views.py changed, reloading.
INFO 2025-05-24 11:57:09,540 autoreload Watching for file changes with StatReloader
INFO 2025-05-24 11:57:34,061 autoreload D:\booking_project\Backend\events\urls.py changed, reloading.
INFO 2025-05-24 11:57:36,647 autoreload Watching for file changes with StatReloader
INFO 2025-05-24 11:58:19,413 autoreload D:\booking_project\Backend\events\urls.py changed, reloading.
INFO 2025-05-24 11:58:21,396 autoreload Watching for file changes with StatReloader
WARNING 2025-05-24 11:59:51,498 log Not Found: /api/events/
WARNING 2025-05-24 11:59:51,499 basehttp "GET /api/events/ HTTP/1.1" 404 5930
INFO 2025-05-24 12:02:33,413 autoreload D:\booking_project\Backend\events\views.py changed, reloading.
INFO 2025-05-24 12:02:35,649 autoreload Watching for file changes with StatReloader
INFO 2025-05-24 12:02:52,074 autoreload D:\booking_project\Backend\events\urls.py changed, reloading.
INFO 2025-05-24 12:02:54,095 autoreload Watching for file changes with StatReloader
INFO 2025-05-24 12:02:58,362 autoreload D:\booking_project\Backend\events\urls.py changed, reloading.
INFO 2025-05-24 12:03:01,001 autoreload Watching for file changes with StatReloader
INFO 2025-05-24 12:03:05,776 autoreload D:\booking_project\Backend\events\urls.py changed, reloading.
INFO 2025-05-24 12:03:07,469 autoreload Watching for file changes with StatReloader
INFO 2025-05-24 12:03:33,439 autoreload Watching for file changes with StatReloader
INFO 2025-05-24 12:03:38,014 basehttp "GET /api/events/ HTTP/1.1" 200 322
INFO 2025-05-24 12:03:58,785 basehttp "GET /api/events/ HTTP/1.1" 200 322
INFO 2025-05-24 12:03:58,956 basehttp "GET /api/events/ HTTP/1.1" 200 322
INFO 2025-05-24 12:04:24,220 basehttp "GET /api/events/ HTTP/1.1" 200 322
INFO 2025-05-24 12:04:24,832 basehttp "GET /api/events/ HTTP/1.1" 200 322
INFO 2025-05-24 12:04:52,122 basehttp "GET /api/events/ HTTP/1.1" 200 322
INFO 2025-05-24 12:04:52,597 basehttp "GET /api/events/ HTTP/1.1" 200 322
INFO 2025-05-24 12:23:10,647 basehttp "GET /api/events/ HTTP/1.1" 200 322
INFO 2025-05-24 12:23:11,297 basehttp "GET /api/events/ HTTP/1.1" 200 322
INFO 2025-05-24 12:43:31,990 basehttp "GET /api/events/ HTTP/1.1" 200 322
INFO 2025-05-24 12:43:32,413 basehttp "GET /api/events/ HTTP/1.1" 200 322
INFO 2025-05-24 12:56:23,439 basehttp "GET /api/events/ HTTP/1.1" 200 322
INFO 2025-05-24 12:56:23,579 basehttp "GET /api/events/ HTTP/1.1" 200 322
INFO 2025-05-24 13:02:18,075 basehttp "OPTIONS /api/events/14/ HTTP/1.1" 200 0
INFO 2025-05-24 13:02:18,230 basehttp "GET /api/events/14/ HTTP/1.1" 200 320
INFO 2025-05-24 13:02:18,384 basehttp "GET /api/events/14/ HTTP/1.1" 200 320
INFO 2025-05-24 13:02:24,298 basehttp "GET /api/events/14/ HTTP/1.1" 200 320
INFO 2025-05-24 13:02:24,438 basehttp "GET /api/events/14/ HTTP/1.1" 200 320
INFO 2025-05-24 13:02:39,313 basehttp "GET /api/events/14/ HTTP/1.1" 200 320
INFO 2025-05-24 13:02:39,533 basehttp "GET /api/events/14/ HTTP/1.1" 200 320
INFO 2025-05-24 13:03:15,312 basehttp "GET /api/events/ HTTP/1.1" 200 322
INFO 2025-05-24 13:03:15,425 basehttp "GET /api/events/ HTTP/1.1" 200 322
INFO 2025-05-24 13:03:19,836 basehttp "GET /api/events/14/ HTTP/1.1" 200 320
INFO 2025-05-24 13:03:19,964 basehttp "GET /api/events/14/ HTTP/1.1" 200 320
INFO 2025-05-24 13:03:47,253 basehttp "GET /api/events/ HTTP/1.1" 200 322
INFO 2025-05-24 13:03:47,519 basehttp "GET /api/events/ HTTP/1.1" 200 322
INFO 2025-05-24 13:06:31,401 basehttp "GET /api/events/14/ HTTP/1.1" 200 320
INFO 2025-05-24 13:06:31,539 basehttp "GET /api/events/14/ HTTP/1.1" 200 320
INFO 2025-05-24 13:06:43,412 basehttp "GET /api/events/ HTTP/1.1" 200 322
INFO 2025-05-24 13:06:43,643 basehttp "GET /api/events/ HTTP/1.1" 200 322
INFO 2025-05-24 13:13:15,978 basehttp "GET /api/events/ HTTP/1.1" 200 322
INFO 2025-05-24 13:13:16,093 basehttp "GET /api/events/ HTTP/1.1" 200 322
INFO 2025-05-24 13:13:20,180 basehttp "GET /api/events/14/ HTTP/1.1" 200 320
INFO 2025-05-24 13:13:20,310 basehttp "GET /api/events/14/ HTTP/1.1" 200 320
INFO 2025-05-27 10:59:07,395 basehttp "OPTIONS /api/events/14/ HTTP/1.1" 200 0
INFO 2025-05-27 10:59:07,398 basehttp "OPTIONS /api/events/14/ HTTP/1.1" 200 0
WARNING 2025-05-27 10:59:07,573 log Unauthorized: /api/events/14/
WARNING 2025-05-27 10:59:07,574 basehttp "GET /api/events/14/ HTTP/1.1" 401 172
WARNING 2025-05-27 10:59:07,582 log Unauthorized: /api/events/14/
WARNING 2025-05-27 10:59:07,584 basehttp "GET /api/events/14/ HTTP/1.1" 401 172
INFO 2025-05-27 10:59:30,071 basehttp "OPTIONS /api/login/ HTTP/1.1" 200 0
INFO 2025-05-27 10:59:31,841 basehttp "POST /api/login/ HTTP/1.1" 200 607
INFO 2025-05-27 10:59:31,968 basehttp "OPTIONS /api/events/ HTTP/1.1" 200 0
INFO 2025-05-27 10:59:31,968 basehttp "OPTIONS /api/events/ HTTP/1.1" 200 0
INFO 2025-05-27 10:59:32,121 basehttp "GET /api/events/ HTTP/1.1" 200 322
INFO 2025-05-27 10:59:32,417 basehttp "GET /api/events/ HTTP/1.1" 200 322
INFO 2025-05-27 14:54:53,001 autoreload Watching for file changes with StatReloader
INFO 2025-05-27 14:55:15,399 basehttp "OPTIONS /api/events/ HTTP/1.1" 200 0
INFO 2025-05-27 14:55:15,448 basehttp "OPTIONS /api/events/ HTTP/1.1" 200 0
INFO 2025-05-27 14:55:15,897 basehttp "GET /api/events/ HTTP/1.1" 200 322
INFO 2025-05-27 14:55:16,246 basehttp "GET /api/events/ HTTP/1.1" 200 322
INFO 2025-05-27 14:55:22,638 basehttp "OPTIONS /api/events/14/ HTTP/1.1" 200 0
INFO 2025-05-27 14:55:22,657 basehttp "OPTIONS /api/events/14/ HTTP/1.1" 200 0
INFO 2025-05-27 14:55:22,891 basehttp "GET /api/events/14/ HTTP/1.1" 200 320
INFO 2025-05-27 14:55:23,081 basehttp "GET /api/events/14/ HTTP/1.1" 200 320
INFO 2025-05-27 14:55:33,603 basehttp "GET /api/events/ HTTP/1.1" 200 322
INFO 2025-05-27 14:55:33,905 basehttp "GET /api/events/ HTTP/1.1" 200 322
INFO 2025-05-27 14:55:37,771 basehttp "GET /api/events/ HTTP/1.1" 200 322
INFO 2025-05-27 14:55:38,178 basehttp "GET /api/events/ HTTP/1.1" 200 322
INFO 2025-05-27 14:56:39,898 basehttp "OPTIONS /api/signup/organizer/ HTTP/1.1" 200 0
INFO 2025-05-27 14:56:44,645 basehttp "POST /api/signup/organizer/ HTTP/1.1" 201 300
INFO 2025-05-27 14:56:51,815 basehttp "OPTIONS /api/login/ HTTP/1.1" 200 0
INFO 2025-05-27 14:56:55,980 basehttp "POST /api/login/ HTTP/1.1" 200 690
INFO 2025-05-27 14:57:00,975 basehttp "OPTIONS /api/admin/login/ HTTP/1.1" 200 0
WARNING 2025-05-27 14:57:01,119 log Not Found: /api/admin/login/
WARNING 2025-05-27 14:57:01,128 basehttp "POST /api/admin/login/ HTTP/1.1" 404 5548
WARNING 2025-05-27 14:57:09,214 log Not Found: /api/admin/login/
WARNING 2025-05-27 14:57:09,216 basehttp "POST /api/admin/login/ HTTP/1.1" 404 5548
WARNING 2025-05-27 14:57:10,308 log Not Found: /api/admin/login/
WARNING 2025-05-27 14:57:10,313 basehttp "POST /api/admin/login/ HTTP/1.1" 404 5548
INFO 2025-05-27 14:57:17,511 basehttp "GET /api/events/ HTTP/1.1" 200 322
INFO 2025-05-27 14:57:18,058 basehttp "GET /api/events/ HTTP/1.1" 200 322
INFO 2025-05-27 14:57:20,089 basehttp "GET /api/events/ HTTP/1.1" 200 322
INFO 2025-05-27 14:57:20,438 basehttp "GET /api/events/ HTTP/1.1" 200 322
INFO 2025-05-27 14:57:30,463 basehttp "POST /api/login/ HTTP/1.1" 200 690
WARNING 2025-05-27 14:57:33,127 log Not Found: /api/admin/login/
WARNING 2025-05-27 14:57:33,140 basehttp "POST /api/admin/login/ HTTP/1.1" 404 5548
INFO 2025-05-27 14:57:39,545 basehttp "GET /api/events/ HTTP/1.1" 200 322
INFO 2025-05-27 14:57:39,845 basehttp "GET /api/events/ HTTP/1.1" 200 322
WARNING 2025-05-27 14:57:56,618 log Not Found: /api/admin/login/
WARNING 2025-05-27 14:57:56,626 basehttp "POST /api/admin/login/ HTTP/1.1" 404 5548
INFO 2025-05-27 14:58:23,834 basehttp "GET /api/events/ HTTP/1.1" 200 322
INFO 2025-05-27 14:58:24,498 basehttp "GET /api/events/ HTTP/1.1" 200 322
INFO 2025-05-27 15:02:15,304 basehttp "GET /api/events/ HTTP/1.1" 200 322
INFO 2025-05-27 15:02:15,544 basehttp "GET /api/events/ HTTP/1.1" 200 322
INFO 2025-05-27 15:02:22,087 basehttp "POST /api/login/ HTTP/1.1" 200 690
WARNING 2025-05-27 15:02:24,523 log Not Found: /api/admin/login/
WARNING 2025-05-27 15:02:24,527 basehttp "POST /api/admin/login/ HTTP/1.1" 404 5548
INFO 2025-05-27 15:03:32,329 basehttp "GET /api/events/ HTTP/1.1" 200 322
INFO 2025-05-27 15:03:32,568 basehttp "GET /api/events/ HTTP/1.1" 200 322
INFO 2025-05-27 15:03:40,146 basehttp "GET /api/events/ HTTP/1.1" 200 322
INFO 2025-05-27 15:03:40,517 basehttp "GET /api/events/ HTTP/1.1" 200 322
